<?xml version="1.0" encoding="UTF-8"?>
<!-- Generated by org.testng.reporters.JUnitXMLReporter -->
<testsuite hostname="LAPTOP-F7OMCQ2C" name="Default test(failed)" tests="1" failures="1" timestamp="15 Nov 2019 06:53:39 GMT" time="4.955" errors="0">
  <testcase name="LoginTest" time="0.001" classname="com.qa.test.LoginTest">
    <failure type="java.lang.NullPointerException">
      <![CDATA[java.lang.NullPointerException
	at com.qa.pages.loginPage.login(loginPage.java:30)
	at com.qa.test.LoginTest.LoginTest(LoginTest.java:30)
... Removed 24 stack frames]]>
    </failure>
  </testcase> <!-- LoginTest -->
</testsuite> <!-- Default test(failed) -->
