<?xml version="1.0" encoding="UTF-8"?>
<!-- Generated by org.testng.reporters.JUnitXMLReporter -->
<testsuite hostname="LAPTOP-F7OMCQ2C" ignored="0" name="Test" tests="8" failures="2" timestamp="2019-11-26T18:38:18 IST" time="54.872" errors="0">
  <testcase name="checkwarningmsg" time="4.599" classname="com.qa.test.HomePageTest">
    <failure type="java.lang.AssertionError" message="expected [If you want to be able to fully use the AdminModules panel and have free modules available, you should enable the following configuration on your server
- Enable PHP&amp;apos;s allow_url_fopen setting] but found []">
      <![CDATA[java.lang.AssertionError: expected [If you want to be able to fully use the AdminModules panel and have free modules available, you should enable the following configuration on your server
- Enable PHP's allow_url_fopen setting] but found []
at com.qa.test.HomePageTest.checkwarningmsg(HomePageTest.java:73)
at java.util.ArrayList.forEach(ArrayList.java:1249)
... Removed 36 stack frames]]>
    </failure>
  </testcase> <!-- checkwarningmsg -->
  <testcase name="checkmrktplctitle" time="5.549" classname="com.qa.test.HomePageTest">
    <failure type="java.lang.AssertionError" message="expected [exp] but found [Dashboard • SHOPCART]">
      <![CDATA[java.lang.AssertionError: expected [exp] but found [Dashboard • SHOPCART]
at com.qa.test.HomePageTest.checkmrktplctitle(HomePageTest.java:81)
at java.util.ArrayList.forEach(ArrayList.java:1249)
... Removed 36 stack frames]]>
    </failure>
  </testcase> <!-- checkmrktplctitle -->
  <testcase name="CheckValidLogin" time="0.241" classname="com.qa.test.LoginTest"/>
  <testcase name="CheckTitle" time="0.01" classname="com.qa.test.LoginTest"/>
  <testcase name="validatechecklogoimg" time="0.04" classname="com.qa.test.LoginTest"/>
  <testcase name="Checkinvalidlogin" time="0.251" classname="com.qa.test.LoginTest"/>
  <testcase name="Checkpwderrormsg" time="0.266" classname="com.qa.test.LoginTest"/>
  <testcase name="Checkstayloginbtn" time="0.063" classname="com.qa.test.LoginTest"/>
</testsuite> <!-- Test -->
