<?xml version="1.0" encoding="UTF-8"?>
<testsuite xmlns:xsi="http://www.w3.org/2001/XMLSchema-instance" xsi:schemaLocation="https://maven.apache.org/surefire/maven-surefire-plugin/xsd/surefire-test-report.xsd" name="TestSuite" time="55.526" tests="8" errors="0" skipped="0" failures="2">
  <properties>
[...]
</properties>
  <testcase name="checkwarningmsg" classname="com.qa.test.HomePageTest" time="5.061">
    <failure message="expected [If you want to be able to fully use the AdminModules panel and have free modules available, you should enable the following configuration on your server&#10;- Enable PHP&apos;s allow_url_fopen setting] but found []" type="java.lang.AssertionError">java.lang.AssertionError: 
expected [If you want to be able to fully use the AdminModules panel and have free modules available, you should enable the following configuration on your server
- Enable PHP's allow_url_fopen setting] but found []
	at com.qa.test.HomePageTest.checkwarningmsg(HomePageTest.java:73)
</failure>
    <system-out><![CDATA[[__Test_Case Started Time__] :-Test
[....Test_Start_Time....] :-Tue Nov 26 18:37:22 IST 2019
[__Test_Start__] :-checkwarningmsg
[....Start_Time....] :-Tue Nov 26 18:37:28 IST 2019
Test failureTue Nov 26 18:37:33 IST 2019
[__Test Failure Exception is occured__] : [TestResult name=checkwarningmsg status=FAILURE method=HomePageTest.checkwarningmsg()[pri:8, instance:com.qa.test.HomePageTest@123a213] output={null}]
]]></system-out>
    <system-err><![CDATA[log4j:ERROR Could not find value for key log4j.appender.debug
log4j:ERROR Could not instantiate appender named "debug".
Starting ChromeDriver 78.0.3904.70 (edb9c9f3de0247fd912a77b7f6cae7447f6d3ad5-refs/branch-heads/3904@{#800}) on port 30634
Only local connections are allowed.
Please protect ports used by ChromeDriver and related test frameworks to prevent access by malicious code.
]]></system-err>
  </testcase>
  <testcase name="checkmrktplctitle" classname="com.qa.test.HomePageTest" time="6.035">
    <failure message="expected [exp] but found [Dashboard • SHOPCART]" type="java.lang.AssertionError">java.lang.AssertionError: expected [exp] but found [Dashboard • SHOPCART]
	at com.qa.test.HomePageTest.checkmrktplctitle(HomePageTest.java:81)
</failure>
    <system-out><![CDATA[[__Test_Start__] :-checkmrktplctitle
[....Start_Time....] :-Tue Nov 26 18:37:39 IST 2019
Test failureTue Nov 26 18:37:45 IST 2019
[__Test Failure Exception is occured__] : [TestResult name=checkmrktplctitle status=FAILURE method=HomePageTest.checkmrktplctitle()[pri:9, instance:com.qa.test.HomePageTest@123a213] output={null}]
]]></system-out>
    <system-err><![CDATA[Starting ChromeDriver 78.0.3904.70 (edb9c9f3de0247fd912a77b7f6cae7447f6d3ad5-refs/branch-heads/3904@{#800}) on port 13077
Only local connections are allowed.
Please protect ports used by ChromeDriver and related test frameworks to prevent access by malicious code.
]]></system-err>
  </testcase>
  <testcase name="CheckValidLogin" classname="com.qa.test.LoginTest" time="0.242"/>
  <testcase name="CheckTitle" classname="com.qa.test.LoginTest" time="0.009"/>
  <testcase name="validatechecklogoimg" classname="com.qa.test.LoginTest" time="0.04"/>
  <testcase name="Checkinvalidlogin" classname="com.qa.test.LoginTest" time="0.251"/>
  <testcase name="Checkpwderrormsg" classname="com.qa.test.LoginTest" time="0.266"/>
  <testcase name="Checkstayloginbtn" classname="com.qa.test.LoginTest" time="0.062"/>
</testsuite>